Starting project at /app/expo-app
Starting Metro Bundler
The following packages should be updated for best compatibility with the installed expo version:
  react@19.1.1 - expected version: 19.1.0
Your project may not work correctly until you install the expected versions of the packages.
Waiting on http://localhost:19006
Logs for your project will appear below.
Web node_modules/expo/AppEntry.js ░░░░░░░░░░░░░░░░  0.0% (0/1)
Web node_modules/expo/AppEntry.js ▓▓▓▓░░░░░░░░░░░░ 27.7% (10/19)
Web node_modules/expo/AppEntry.js ▓▓▓▓▓▓▓▓░░░░░░░░ 51.0% (43/89)
Web node_modules/expo/AppEntry.js ▓▓▓▓▓▓▓▓░░░░░░░░ 51.0% (159/278)
Web node_modules/expo/AppEntry.js ▓▓▓▓▓▓▓▓▓▓░░░░░░ 65.6% (355/439)
Web node_modules/expo/AppEntry.js ░░░░░░░░░░░░░░░░  0.0% (0/1)
Web node_modules/expo/AppEntry.js ▓▓▓▓▓▓▓▓▓▓▓▓▓▓░░ 90.2% (523/559)
Web node_modules/expo/AppEntry.js ░░░░░░░░░░░░░░░░  0.0% (0/1)
Web Bundling failed 7124ms node_modules/expo/AppEntry.js (1 module)
Unable to resolve "react-dom/client" from "node_modules/react-native-web/dist/exports/render/index.js"
[0m [90m 10 |[39m [32m'use client'[39m[33m;[39m
 [90m 11 |[39m
[31m[1m>[22m[39m[90m 12 |[39m [36mimport[39m { createRoot [36mas[39m domCreateRoot[33m,[39m hydrateRoot [36mas[39m domHydrateRoot } [36mfrom[39m [32m'react-dom/client'[39m[33m;[39m
 [90m    |[39m                                                                             [31m[1m^[22m[39m
 [90m 13 |[39m [36mimport[39m { createSheet } [36mfrom[39m [32m'../StyleSheet/dom'[39m[33m;[39m
 [90m 14 |[39m [36mexport[39m [36mfunction[39m hydrate(element[33m,[39m root) {
 [90m 15 |[39m   createSheet(root)[33m;[39m[0m

Import stack:

 node_modules/react-native-web/dist/exports/render/index.js
 | import "react-dom/client"

 node_modules/react-native-web/dist/exports/AppRegistry/renderApplication.js
 | import "../render"

 node_modules/react-native-web/dist/exports/AppRegistry/index.js
 | import "./renderApplication"

 node_modules/expo/src/launch/registerRootComponent.tsx
 | import "react-native-web/dist/exports/AppRegistry"

 node_modules/expo/AppEntry.js
 | import "expo/src/launch/registerRootComponent"

 
 | import "./node_modules/expo/AppEntry"

Web Bundling failed 18702ms node_modules/expo/AppEntry.js (584 modules)
Unable to resolve "react-dom/client" from "node_modules/react-native-web/dist/exports/render/index.js"
[0m [90m 10 |[39m [32m'use client'[39m[33m;[39m
 [90m 11 |[39m
[31m[1m>[22m[39m[90m 12 |[39m [36mimport[39m { createRoot [36mas[39m domCreateRoot[33m,[39m hydrateRoot [36mas[39m domHydrateRoot } [36mfrom[39m [32m'react-dom/client'[39m[33m;[39m
 [90m    |[39m                                                                             [31m[1m^[22m[39m
 [90m 13 |[39m [36mimport[39m { createSheet } [36mfrom[39m [32m'../StyleSheet/dom'[39m[33m;[39m
 [90m 14 |[39m [36mexport[39m [36mfunction[39m hydrate(element[33m,[39m root) {
 [90m 15 |[39m   createSheet(root)[33m;[39m[0m

Import stack:

 node_modules/react-native-web/dist/exports/render/index.js
 | import "react-dom/client"

 node_modules/react-native-web/dist/exports/AppRegistry/renderApplication.js
 | import "../render"

 node_modules/react-native-web/dist/exports/AppRegistry/index.js
 | import "./renderApplication"

 node_modules/expo/src/launch/registerRootComponent.tsx
 | import "react-native-web/dist/exports/AppRegistry"

 node_modules/expo/AppEntry.js
 | import "expo/src/launch/registerRootComponent"

 
 | import "./node_modules/expo/AppEntry"

